<?xml version="1.0" encoding="UTF-8"?>
<!-- Generated by org.testng.reporters.JUnitXMLReporter -->
<testsuite ignored="0" hostname="DESKTOP-36OJA94" failures="1" tests="1" name="InternetExplorer" time="0.031" errors="0" timestamp="2023-11-25T23:14:46 IST">
  <testcase classname="MultiBrowser_Test.Ex2" name="OpenFacebook" time="0.007">
    <failure type="java.lang.Exception" message="Browser is not correct">
      <![CDATA[java.lang.Exception: Browser is not correct
at MultiBrowser_Test.Ex2.OpenFacebook(Ex2.java:34)
at java.base/java.util.ArrayList.forEach(ArrayList.java:1511)
... Removed 27 stack frames]]>
    </failure>
  </testcase> <!-- OpenFacebook -->
</testsuite> <!-- InternetExplorer -->
