<?xml version="1.0" encoding="UTF-8"?>
<!-- Generated by org.testng.reporters.JUnitXMLReporter -->
<testsuite ignored="7" hostname="DESKTOP-36OJA94" failures="0" tests="3" name="GRP-Reg" time="0.122" errors="0" timestamp="2023-11-23T01:11:20 IST">
  <testcase classname="TestNg.ex3_testNG_Keyword_Group" name="login9" time="0.019"/>
  <testcase classname="TestNg.ex3_testNG_Keyword_Groups" name="Login5" time="0.002"/>
  <testcase classname="TestNg.ex3_testNG_Keyword_Groups" name="login4" time="0.008"/>
  <testcase classname="TestNg.ex3_testNG_Keyword_Group" name="Login8" time="0.0">
    <ignored/>
  </testcase> <!-- Login8 -->
  <testcase classname="TestNg.ex3_testNG_Keyword_Group" name="Login10" time="0.0">
    <ignored/>
  </testcase> <!-- Login10 -->
  <testcase classname="TestNg.ex3_testNG_Keyword_Groups" name="Login2" time="0.0">
    <ignored/>
  </testcase> <!-- Login2 -->
  <testcase classname="TestNg.ex3_testNG_Keyword_Groups" name="Login3" time="0.0">
    <ignored/>
  </testcase> <!-- Login3 -->
  <testcase classname="TestNg.ex3_testNG_Keyword_Groups" name="Login1" time="0.0">
    <ignored/>
  </testcase> <!-- Login1 -->
  <testcase classname="TestNg.ex3_testNG_Keyword_Group" name="Login6" time="0.0">
    <ignored/>
  </testcase> <!-- Login6 -->
  <testcase classname="TestNg.ex3_testNG_Keyword_Group" name="Login7" time="0.0">
    <ignored/>
  </testcase> <!-- Login7 -->
</testsuite> <!-- GRP-Reg -->
