<?xml version="1.0" encoding="UTF-8"?>
<!-- Generated by org.testng.reporters.JUnitXMLReporter -->
<testsuite ignored="3" hostname="DESKTOP-36OJA94" failures="0" tests="7" name="GRP-Login,setting" time="0.109" errors="0" timestamp="2023-11-24T22:51:16 IST">
  <testcase classname="TestNG_TestSuit.Ex1_Sample_2Groups" name="TC10" time="0.014"/>
  <testcase classname="TestNG_TestSuit.Ex1_Sample_2Groups" name="TC6" time="0.002"/>
  <testcase classname="TestNG_TestSuit.Ex1_Sample_2Groups" name="TC7" time="0.002"/>
  <testcase classname="TestNG_TestSuit.Ex2_Sample1_Groups" name="TC1" time="0.001"/>
  <testcase classname="TestNG_TestSuit.Ex2_Sample1_Groups" name="TC2" time="0.002"/>
  <testcase classname="TestNG_TestSuit.Ex2_Sample1_Groups" name="TC3" time="0.003"/>
  <testcase classname="TestNG_TestSuit.Ex2_Sample1_Groups" name="TC5" time="0.001"/>
  <testcase classname="TestNG_TestSuit.Ex1_Sample_2Groups" name="TC9" time="0.0">
    <ignored/>
  </testcase> <!-- TC9 -->
  <testcase classname="TestNG_TestSuit.Ex1_Sample_2Groups" name="TC8" time="0.0">
    <ignored/>
  </testcase> <!-- TC8 -->
  <testcase classname="TestNG_TestSuit.Ex2_Sample1_Groups" name="TC4" time="0.0">
    <ignored/>
  </testcase> <!-- TC4 -->
</testsuite> <!-- GRP-Login,setting -->
