<?xml version="1.0" encoding="UTF-8"?>
<!-- Generated by org.testng.reporters.JUnitXMLReporter -->
<testsuite ignored="4" hostname="DESKTOP-36OJA94" failures="0" tests="6" name="GRP-Smoke" time="0.197" errors="0" timestamp="2023-11-27T17:03:14 IST">
  <testcase classname="TestNg.ex3_testNG_Keyword_Group" name="Login8" time="0.017"/>
  <testcase classname="TestNg.ex3_testNG_Keyword_Group" name="Login7" time="0.002"/>
  <testcase classname="TestNg.ex3_testNG_Keyword_Group" name="Login6" time="0.005"/>
  <testcase classname="TestNg.ex3_testNG_Keyword_Groups" name="Login3" time="0.005"/>
  <testcase classname="TestNg.ex3_testNG_Keyword_Groups" name="Login2" time="0.008"/>
  <testcase classname="TestNg.ex3_testNG_Keyword_Groups" name="Login1" time="0.003"/>
  <testcase classname="TestNg.ex3_testNG_Keyword_Groups" name="Login5" time="0.0">
    <ignored/>
  </testcase> <!-- Login5 -->
  <testcase classname="TestNg.ex3_testNG_Keyword_Groups" name="login4" time="0.0">
    <ignored/>
  </testcase> <!-- login4 -->
  <testcase classname="TestNg.ex3_testNG_Keyword_Group" name="Login10" time="0.0">
    <ignored/>
  </testcase> <!-- Login10 -->
  <testcase classname="TestNg.ex3_testNG_Keyword_Group" name="login9" time="0.0">
    <ignored/>
  </testcase> <!-- login9 -->
</testsuite> <!-- GRP-Smoke -->
